TN:
SF:ll.js
FN:5,(anonymous_0)
FN:13,(anonymous_1)
FN:24,(anonymous_2)
FN:38,(anonymous_3)
FN:41,(anonymous_4)
FN:64,(anonymous_5)
FN:72,(anonymous_6)
FN:87,(anonymous_7)
FNF:8
FNH:7
FNDA:8,(anonymous_0)
FNDA:9,(anonymous_1)
FNDA:7,(anonymous_2)
FNDA:1,(anonymous_3)
FNDA:1,(anonymous_4)
FNDA:0,(anonymous_5)
FNDA:1,(anonymous_6)
FNDA:1,(anonymous_7)
DA:2,1
DA:6,8
DA:7,8
DA:8,8
DA:9,8
DA:10,8
DA:11,8
DA:14,9
DA:15,9
DA:16,5
DA:19,4
DA:20,4
DA:22,9
DA:25,7
DA:26,7
DA:27,2
DA:30,5
DA:31,5
DA:32,5
DA:34,5
DA:36,7
DA:39,1
DA:42,1
DA:43,0
DA:46,1
DA:47,1
DA:48,0
DA:50,1
DA:51,0
DA:54,1
DA:55,1
DA:56,0
DA:58,1
DA:59,1
DA:60,1
DA:65,0
DA:66,0
DA:67,0
DA:68,0
DA:73,1
DA:74,0
DA:76,1
DA:78,0
DA:79,0
DA:82,1
DA:83,1
DA:88,1
DA:89,0
DA:92,1
DA:93,1
DA:94,1
DA:95,2
DA:96,1
DA:97,1
DA:98,1
DA:101,1
DA:103,1
DA:104,1
DA:114,1
LF:59
LH:47
BRDA:15,0,0,5
BRDA:15,0,1,4
BRDA:26,1,0,2
BRDA:26,1,1,5
BRDA:42,2,0,0
BRDA:42,2,1,1
BRDA:42,3,0,1
BRDA:42,3,1,1
BRDA:47,4,0,0
BRDA:47,4,1,1
BRDA:50,5,0,0
BRDA:50,5,1,1
BRDA:73,6,0,0
BRDA:73,6,1,1
BRDA:76,7,0,0
BRDA:76,7,1,1
BRDA:88,8,0,0
BRDA:88,8,1,1
BRDA:95,9,0,1
BRDA:95,9,1,1
BRF:20
BRH:14
end_of_record
TN:
SF:node.js
FN:5,(anonymous_0)
FNF:1
FNH:1
FNDA:18,(anonymous_0)
DA:6,18
DA:7,18
DA:12,2
LF:3
LH:3
BRDA:5,0,0,18
BRF:1
BRH:1
end_of_record
